13:02:53.320 [run-main-0] INFO  GenerateLogData$ - Log data generator started...
13:02:53.484 [run-main-0] WARN  HelperUtils.Parameters$ - Max count 100 is used to create records instead of timeouts
13:02:53.557 [scala-execution-context-global-124] WARN  HelperUtils.Parameters$ - s%]s,+2k|D}K7b/XCwG&@7HDPR8z
13:02:53.585 [scala-execution-context-global-124] INFO  HelperUtils.Parameters$ - ;kNI&V%v<c#eSDK@lPY(
13:02:53.604 [scala-execution-context-global-124] INFO  HelperUtils.Parameters$ - l9]|92!uHUQ/IVcz~(;.Uz%K*5jTUd08
13:02:53.621 [scala-execution-context-global-124] INFO  HelperUtils.Parameters$ - G3sw7^U<^q^Cl!aMTDbNz<:$;?e<.0JD_'
13:02:53.641 [scala-execution-context-global-124] WARN  HelperUtils.Parameters$ - A><YFqpg+~"E1T
13:02:53.657 [scala-execution-context-global-124] DEBUG HelperUtils.Parameters$ - JrQB;P0"&+6;&Dk-
13:02:53.673 [scala-execution-context-global-124] INFO  HelperUtils.Parameters$ - OsI1`qAeU5H;\+
13:02:53.691 [scala-execution-context-global-124] INFO  HelperUtils.Parameters$ - [h!Q9PEY>L(NpKLBO"Gjo:=4kRXQ_tZ!
13:02:53.707 [scala-execution-context-global-124] INFO  HelperUtils.Parameters$ - B?y&C"C5rsb:2037;f&|vM#x?z|Ny|&<44Z8B&rF1#&M
13:02:53.725 [scala-execution-context-global-124] WARN  HelperUtils.Parameters$ - x2oBSI0/\%CdfV2%ChSsnZ7vJo=2qJqZ%."kbc!0ne`y&m
13:02:53.749 [scala-execution-context-global-124] ERROR HelperUtils.Parameters$ - ihu}!A2]*07}|,lc
13:02:53.767 [scala-execution-context-global-124] INFO  HelperUtils.Parameters$ - CC]>~R#,^#0JWyESarZdETDcvk)Yk'I?
13:02:53.784 [scala-execution-context-global-124] WARN  HelperUtils.Parameters$ - Swq;g+6M:?820=Gmd#.p)sFaqoKc^mm](.A8Z-4-].tp|cfR\~rc(m^{
13:02:53.801 [scala-execution-context-global-124] INFO  HelperUtils.Parameters$ - zXK=Fze%-6Iv-^q{zhG|EUzvd);tOj-:
13:02:53.817 [scala-execution-context-global-124] INFO  HelperUtils.Parameters$ - ^<A>61@{3[KEk@M/Xh-q%sco3Dkwq~
13:02:53.838 [scala-execution-context-global-124] WARN  HelperUtils.Parameters$ - Bv^B8Re'$VG)[P".g*?f<G\l5n.18B|i<E&rgPQZ;wBeA{4O/fy+Pp
13:02:53.854 [scala-execution-context-global-124] WARN  HelperUtils.Parameters$ - k1H+R#/%d0>Q>N:6\enT]U
13:02:53.872 [scala-execution-context-global-124] INFO  HelperUtils.Parameters$ - 8G;,3m_T`G#H]&Yh:Ei1%fp''5`V7sbf2ce0Y6qcf0K7kbg0%<Bqz8fMm#{JWqMdoc_2N/|wf8]
13:02:53.896 [scala-execution-context-global-124] DEBUG HelperUtils.Parameters$ - NvD7h&)1I|?XT+#Dogm37`xsFTHEH|aLfv4h4^fJ>O
13:02:53.920 [scala-execution-context-global-124] WARN  HelperUtils.Parameters$ - h>%XBKz1SM2R
13:02:53.936 [scala-execution-context-global-124] INFO  HelperUtils.Parameters$ - 7Q@3*L$Vzqce2D7tae1cf1ag3L9qcf2be0P8taf1/.%m/|@9]!
13:02:53.952 [scala-execution-context-global-124] DEBUG HelperUtils.Parameters$ - )re6iZK`}l-k+^:M6d\(q#|6\[^cJGm<J&o1NGb##U0"%dWAw0N9|EA*&;
13:02:53.968 [scala-execution-context-global-124] INFO  HelperUtils.Parameters$ - )t;jcY&.R<G%b-c>oXN`)*Jy(\5=dYz@G&{1D%]y0C}ih>HMTg~IfXzHX-0Y
13:02:53.985 [scala-execution-context-global-124] INFO  HelperUtils.Parameters$ - )'SOn=b|T>e{UM2Ad]},k/
13:02:54.004 [scala-execution-context-global-124] INFO  HelperUtils.Parameters$ - +H,DeXf=y~,>,N(i>74[^y"F.D"9}30drdU6>Ig&#8oe
13:02:54.020 [scala-execution-context-global-124] INFO  HelperUtils.Parameters$ - BTtGW*d-.2=O8`S/yJ_NVgJ*;eA3fhHmebIrZ8
13:02:54.046 [scala-execution-context-global-124] WARN  HelperUtils.Parameters$ - LZLRupx~"a!cUP,;M#i[~>jz)nGLbEvN,K+1*5rKV@[WXA7gad[-v_;B}0]y
13:02:54.062 [scala-execution-context-global-124] INFO  HelperUtils.Parameters$ - 7g3S5MOFIA)(Js}.]U*2n{5"vgbw\^M@,}%idTtnpG$38$
13:02:54.077 [scala-execution-context-global-124] INFO  HelperUtils.Parameters$ - hDw:lZi2TP.Mt3P1(X-OIEo?Gw(Dh.jQMqGo*ymK*_j4p(O<*wF<"\NL+,[t
13:02:54.099 [scala-execution-context-global-124] WARN  HelperUtils.Parameters$ - >!EQ:buKg#8wd!~;{N{.IW8\yV;Nx`k&.V
13:02:54.128 [scala-execution-context-global-124] ERROR HelperUtils.Parameters$ - i_HVu=G@^xB<>&g/xdpmh8p,C7ube2ag2ae3I5rcg3be0ECP91SbgW}o|GHq/n#a#\]1{
13:02:54.146 [scala-execution-context-global-124] WARN  HelperUtils.Parameters$ - Gi3mc5YE*6K,\cc`R'RR4M@Cr"Jsz\{C<m
13:02:54.163 [scala-execution-context-global-124] WARN  HelperUtils.Parameters$ - `6L7?7A49:+E}B5GH{I,BT
13:02:54.181 [scala-execution-context-global-124] INFO  HelperUtils.Parameters$ - epK($iEMWLz%hepxuzi+C-KiuI$<IEq]Yxx(puN9,?6>:W8<
13:02:54.203 [scala-execution-context-global-124] INFO  HelperUtils.Parameters$ - %:VM*}7U}j&#a:r#}zf(zxhZ:<q^x\13}$HpJbyX
13:02:54.219 [scala-execution-context-global-124] INFO  HelperUtils.Parameters$ - 8GQ?@Z'OXi7'/m*RA9W$m>ck
13:02:54.236 [scala-execution-context-global-124] WARN  HelperUtils.Parameters$ - UuZ%E7+$a4Hx.F+=-D4~r,+|T7Y0TL*yTanivk8prYm+r5YA
13:02:54.255 [scala-execution-context-global-124] WARN  HelperUtils.Parameters$ - .6;#/CaPJY>bbF=x
13:02:54.271 [scala-execution-context-global-124] DEBUG HelperUtils.Parameters$ - !he}EoG!q>O^e2H+E{
13:02:54.296 [scala-execution-context-global-124] INFO  HelperUtils.Parameters$ - 9ylnUpIj`'O-C'rETe}X*FWnN-Qyn"BLH_
13:02:54.341 [scala-execution-context-global-124] WARN  HelperUtils.Parameters$ - ai]'/%eYoOh\{]E)qmp1@V1.j*6DAWnHh]If8g{yO[Ry:y;ExqM:Z\-TUq'}
13:02:54.366 [scala-execution-context-global-124] INFO  HelperUtils.Parameters$ - BWCq[,0TJ9k"y^&e~Dpy|$.F+^XJyoqoa@4d`Bb14~Q'=xju|tG[
13:02:54.397 [scala-execution-context-global-124] INFO  HelperUtils.Parameters$ - 6"A%6v~lq=kcg0bg1W5nag1T8h%CP=cT/i]y+
13:02:54.422 [scala-execution-context-global-124] INFO  HelperUtils.Parameters$ - ux\?%8(n[.@Hail\6T"\.aue%d'>''P5GZ^,<'#MoxBXGvjj[\
13:02:54.436 [scala-execution-context-global-124] DEBUG HelperUtils.Parameters$ - "iF4d4g<2e*"u/d"YW
13:02:54.457 [scala-execution-context-global-124] WARN  HelperUtils.Parameters$ - '49fHqN}2!g5GO-W#,G4cj*9Y+1<{)2ACQwH/tJP
13:02:54.471 [scala-execution-context-global-124] INFO  HelperUtils.Parameters$ - FfTZvH3}_#X]X*EI8oG9iag2Y8gbf0ae1Y6uK6gU5mV8jae2'-aIJ*oYm`ce#&~
13:02:54.489 [scala-execution-context-global-124] INFO  HelperUtils.Parameters$ - G"zMU!\fq0cG0_bD[sE:W\vjVTag0B9ube0K6hbg1ag0be3rjvAWb<vczan(T-DjM|6!9!YOi
13:02:54.517 [scala-execution-context-global-124] INFO  HelperUtils.Parameters$ - mEG`!]b&bMwpf7|CjvQ5N.^de1lp-sr|@IuYor>cTal$U4pUTKGm4|NtA3
13:02:54.531 [scala-execution-context-global-124] INFO  HelperUtils.Parameters$ - piEy3D<H,(YB%*5$O~csg@#s`J
13:02:54.546 [scala-execution-context-global-124] INFO  HelperUtils.Parameters$ - -mwf)<W/OV>c
13:02:54.569 [scala-execution-context-global-124] INFO  HelperUtils.Parameters$ - ]WZO?*&cv(|O9b6[{m*c/XOG`Xbe]Y}usG:/.=K=#B
13:02:54.589 [scala-execution-context-global-124] INFO  HelperUtils.Parameters$ - @5ssO8jU#.=\3,b)-@Hmang(t[FQZnRx
13:02:54.608 [scala-execution-context-global-124] INFO  HelperUtils.Parameters$ - x6"6y=-3aTNG{uJ-V"^[i'`ll[=,{/?RUrzaQM*&;;s*
13:02:54.624 [scala-execution-context-global-124] WARN  HelperUtils.Parameters$ - XS0Md46cNK)G1umoPmz%af1ae1af2cg0cf1TP{g$F|y5.ZsYHt{Exd-
13:02:54.645 [scala-execution-context-global-124] WARN  HelperUtils.Parameters$ - AMC"zZ#hc<'QHga$`"Bv=?AmITBs`z
13:02:54.668 [scala-execution-context-global-124] INFO  HelperUtils.Parameters$ - '<YFYH,^95f\K~lW
13:02:54.687 [scala-execution-context-global-124] INFO  HelperUtils.Parameters$ - pf)_]D[>lCTSgR<e]BqGG0j*|w7mfwgdsS19o`G`J:CHN|&u_f'K
13:02:54.703 [scala-execution-context-global-124] WARN  HelperUtils.Parameters$ - $w<Z4}J~|O<-\ohW`_w31]]qt*<]b<r^y%-73dI"tn`!g}CT#^
13:02:54.725 [scala-execution-context-global-124] WARN  HelperUtils.Parameters$ - ~@_{ZbB(1>YUdVP)^rQ!u("xj2FB9SqYM9
13:02:54.741 [scala-execution-context-global-124] INFO  HelperUtils.Parameters$ - H:Ni1g>qBg27OEJ</j>'(!7FO;"N>ua`#]LZ{"O]eB9')x!<meK"F\<.e(T.
13:02:54.758 [scala-execution-context-global-124] INFO  HelperUtils.Parameters$ - 4C'{mOp?xk<KNO
13:02:54.779 [scala-execution-context-global-124] INFO  HelperUtils.Parameters$ - rIOH\j1=i6>K6:Q^R[O{E_ImPG$jE]A'A}@jc<oV5M5FgH[[
13:02:54.795 [scala-execution-context-global-124] DEBUG HelperUtils.Parameters$ - q.1`lWO3Rny!mb,.;b{<S\(@Jp]EK{9pECvS{^LeKMxcs/~D1>E}xC_A
13:02:54.812 [scala-execution-context-global-124] INFO  HelperUtils.Parameters$ - Nt823SheyB;[(JN0
13:02:54.829 [scala-execution-context-global-124] INFO  HelperUtils.Parameters$ - X"^Ozw3'10h3V9
13:02:54.847 [scala-execution-context-global-124] INFO  HelperUtils.Parameters$ - A-[os=Q$dKHH
13:02:54.869 [scala-execution-context-global-124] INFO  HelperUtils.Parameters$ - ^q^"A<KJT<=h#=VC$65i
13:02:54.885 [scala-execution-context-global-124] INFO  HelperUtils.Parameters$ - '}8)wpp'vbPGjt;s}$
13:02:54.901 [scala-execution-context-global-124] INFO  HelperUtils.Parameters$ - :}l"V_d@XuDOt~-Q?*"G9~F&hH[g|Fce0Q9kce2cf1bf2bg3Oc*v(3uV8d~bULX>R<g!__eKuy~V%I
13:02:54.917 [scala-execution-context-global-124] WARN  HelperUtils.Parameters$ - <z@PxC][NVFO=bcwkF5=5Nh*qGf+</t^Qyp+mNiJq]rF`~U0t.R@"cn&63o(
13:02:54.936 [scala-execution-context-global-124] INFO  HelperUtils.Parameters$ - u~BD]BL_*'7S
13:02:54.952 [scala-execution-context-global-124] WARN  HelperUtils.Parameters$ - \`rm}8_*,E"HGS/M"G
13:02:54.979 [scala-execution-context-global-124] INFO  HelperUtils.Parameters$ - 't5&>]9Gr{\)Z2Os+V*sB']-hELOMqeRm:/~sw:_|!62IvH0VJuJ`.
13:02:54.995 [scala-execution-context-global-124] INFO  HelperUtils.Parameters$ - i3o`zz,WalvOmO+#A`5CiAbAvM,,_0k4D}[Z
13:02:55.012 [scala-execution-context-global-124] INFO  HelperUtils.Parameters$ - qnA<XhU&\U5,7igFYzq^Z23Z8#f~&cf1Q7ube0cg0K6kG9fB>~\8"P/cgUzWwn.I`L>f8vl92T5>
13:02:55.029 [scala-execution-context-global-124] INFO  HelperUtils.Parameters$ - q|HoH#'WhmoRU9pag0ag1Q5wbg2eYyMIu/l^ppG
13:02:55.046 [scala-execution-context-global-124] WARN  HelperUtils.Parameters$ - ^wu^xeX8']3/\(dJj=,ht;z;y;xvA7v2);:>pfmuOg\|
13:02:55.066 [scala-execution-context-global-124] INFO  HelperUtils.Parameters$ - ie~:0EsV{u]b/B\q9E^;W{X0\L]e]eX=Sr8v
13:02:55.082 [scala-execution-context-global-124] INFO  HelperUtils.Parameters$ - (wL_`<g@Op@@S![*[y[}N*be[.j@[md/kY9lj&<|16f~
13:02:55.099 [scala-execution-context-global-124] INFO  HelperUtils.Parameters$ - O.h$*~8)/E82"Ub3U!Uc+h"?
13:02:55.115 [scala-execution-context-global-124] INFO  HelperUtils.Parameters$ - pY@Qs:XQv$0WvbLm#L
13:02:55.131 [scala-execution-context-global-124] WARN  HelperUtils.Parameters$ - !qMF4QJ}kiDPTnKno>s7mzpQ[?"DQl5<~o\,+3zaZ\I92x"7gw
13:02:55.148 [scala-execution-context-global-124] INFO  HelperUtils.Parameters$ - 9HJ7:4?O*x?u-3/MUxZ|yuZOX(+h6/18oL4N
13:02:55.174 [scala-execution-context-global-124] WARN  HelperUtils.Parameters$ - ;XNU[cHT6cs_r3?Ye-CxSDi6]#uGH~(AyF(DOQ~(RR>^
13:02:55.194 [scala-execution-context-global-124] WARN  HelperUtils.Parameters$ - EPWi2fCbm^Sb\>`]:t
13:02:55.211 [scala-execution-context-global-124] INFO  HelperUtils.Parameters$ - H{)nH8"tj<@Hq\oHtlRQ{T<AJ>T$s]i{|t&NU2k}K$`rw+/|`;
13:02:55.230 [scala-execution-context-global-124] INFO  HelperUtils.Parameters$ - '0GG&}@!ex-:|`+M/E7vO6jP9jC5rcf1G7scg0W9vaf1I9ubg0]CBH^Dn4&2bz57lxu
13:02:55.248 [scala-execution-context-global-124] INFO  HelperUtils.Parameters$ - a^(\3_{^OK7641P`;^#9&xJjS"q/
13:02:55.269 [scala-execution-context-global-124] INFO  HelperUtils.Parameters$ - EApt@nE}n1W,lVh%35cRO^R|?_b5Wc!eFWCcsVEy"oe|&&_M&qu{N"7S
13:02:55.287 [scala-execution-context-global-124] INFO  HelperUtils.Parameters$ - .kF4Per[s|zOPcuz"Rm8tV(B53z%F8'+-z+1Z;lo/J'CsxNh~!1V5>-&&-"a
13:02:55.303 [scala-execution-context-global-124] INFO  HelperUtils.Parameters$ - n4,^e]FK~lU5M-tg7k?6&6
13:02:55.319 [scala-execution-context-global-124] INFO  HelperUtils.Parameters$ - KNN|?eNYu'Zn0wek_]F^<}Rm"Z`(/CR!31kN5~49
13:02:55.335 [scala-execution-context-global-124] INFO  HelperUtils.Parameters$ - M2\h'Q$6K#rzx-,/Lc7,$1
13:02:55.350 [scala-execution-context-global-124] WARN  HelperUtils.Parameters$ - CgYXe|".3ce2T8wS7kL6nN6lsT7|q~1Rf
13:02:55.366 [scala-execution-context-global-124] WARN  HelperUtils.Parameters$ - !sh<kLS}AGy4FG\YR`k8IHg[Zp-dd)>+`{l|%;=P(0<6M7Vpkt4q
13:02:55.381 [scala-execution-context-global-124] INFO  HelperUtils.Parameters$ - ;}z;yy>53yaf3cg0ce3cg3U9mN9hbg0J8lY<?:gRgB)z
13:02:55.396 [scala-execution-context-global-124] INFO  HelperUtils.Parameters$ - DV3T*:]F1H2Jab'%_j&%-Avcf{+<Zr
13:02:55.419 [scala-execution-context-global-124] DEBUG HelperUtils.Parameters$ - A#I?81=glLOU+L?j+)W8oag3R8hbg3ae3ag1~QA9Thf7|ziv^nukC#
13:02:55.439 [scala-execution-context-global-124] INFO  HelperUtils.Parameters$ - 6;s4G4zL:vb-k`y'Q}ZUp_S+?2p@=`Y7EWJGfP#R
13:02:55.439 [run-main-0] INFO  GenerateLogData$ - Log data generation has completed after generating 100 records.
15:23:08.804 [main] INFO  GenerateLogData$ - Log data generator started...
15:23:09.002 [main] WARN  HelperUtils.Parameters$ - Max count 100 is used to create records instead of timeouts
15:23:09.087 [scala-execution-context-global-17] WARN  HelperUtils.Parameters$ - s%]s,+2k|D}K7b/XCwG&@7HDPR8z
15:23:09.109 [scala-execution-context-global-17] INFO  HelperUtils.Parameters$ - ;kNI&V%v<c#eSDK@lPY(
15:23:09.125 [scala-execution-context-global-17] INFO  HelperUtils.Parameters$ - l9]|92!uHUQ/IVcz~(;.Uz%K*5jTUd08
15:23:09.141 [scala-execution-context-global-17] INFO  HelperUtils.Parameters$ - G3sw7^U<^q^Cl!aMTDbNz<:$;?e<.0JD_'
15:23:09.157 [scala-execution-context-global-17] WARN  HelperUtils.Parameters$ - A><YFqpg+~"E1T
15:23:09.172 [scala-execution-context-global-17] DEBUG HelperUtils.Parameters$ - JrQB;P0"&+6;&Dk-
15:23:09.188 [scala-execution-context-global-17] INFO  HelperUtils.Parameters$ - OsI1`qAeU5H;\+
15:23:09.205 [scala-execution-context-global-17] INFO  HelperUtils.Parameters$ - [h!Q9PEY>L(NpKLBO"Gjo:=4kRXQ_tZ!
15:23:09.220 [scala-execution-context-global-17] INFO  HelperUtils.Parameters$ - B?y&C"C5rsb:2037;f&|vM#x?z|Ny|&<44Z8B&rF1#&M
15:23:09.236 [scala-execution-context-global-17] WARN  HelperUtils.Parameters$ - x2oBSI0/\%CdfV2%ChSsnZ7vJo=2qJqZ%."kbc!0ne`y&m
15:23:09.252 [scala-execution-context-global-17] ERROR HelperUtils.Parameters$ - ihu}!A2]*07}|,lc
15:23:09.267 [scala-execution-context-global-17] INFO  HelperUtils.Parameters$ - CC]>~R#,^#0JWyESarZdETDcvk)Yk'I?
15:23:09.284 [scala-execution-context-global-17] WARN  HelperUtils.Parameters$ - Swq;g+6M:?820=Gmd#.p)sFaqoKc^mm](.A8Z-4-].tp|cfR\~rc(m^{
15:23:09.300 [scala-execution-context-global-17] INFO  HelperUtils.Parameters$ - zXK=Fze%-6Iv-^q{zhG|EUzvd);tOj-:
15:23:09.319 [scala-execution-context-global-17] INFO  HelperUtils.Parameters$ - ^<A>61@{3[KEk@M/Xh-q%sco3Dkwq~
15:23:09.335 [scala-execution-context-global-17] WARN  HelperUtils.Parameters$ - Bv^B8Re'$VG)[P".g*?f<G\l5n.18B|i<E&rgPQZ;wBeA{4O/fy+Pp
15:23:09.350 [scala-execution-context-global-17] WARN  HelperUtils.Parameters$ - k1H+R#/%d0>Q>N:6\enT]U
15:23:09.367 [scala-execution-context-global-17] INFO  HelperUtils.Parameters$ - 8G;,3m_T`G#H]&Yh:Ei1%fp''5`cf0ag3be2bg2M9g%<Bqz8fMm#{JWqMdoc_2N/|wf8]
15:23:09.383 [scala-execution-context-global-17] DEBUG HelperUtils.Parameters$ - TncPSy,u!1j#VlLp^}U"
15:23:09.399 [scala-execution-context-global-17] WARN  HelperUtils.Parameters$ - |;zMn::X_<ud]YzzgZ5a4t.1
15:23:09.415 [scala-execution-context-global-17] INFO  HelperUtils.Parameters$ - #X>#eEH1X=4@j/!t(:U>g%b8A$-a}PluiameA$L^VTAa,(X`
15:23:09.431 [scala-execution-context-global-17] DEBUG HelperUtils.Parameters$ - 9Zk?3,YXaq~H5XNDQ">|8PRf>*O'Vq'`<G:$+{o@YdI*
15:23:09.446 [scala-execution-context-global-17] INFO  HelperUtils.Parameters$ - Z[N`}uYq1C#i|xwB`5{ODcl@"hv@B7%9.vO;"'
15:23:09.462 [scala-execution-context-global-17] INFO  HelperUtils.Parameters$ - l>T~#hEoKQ~Y|KO!]Xpi#gcNLy\h-D>7K{DK\WK2nFJ36w>R
15:23:09.478 [scala-execution-context-global-17] INFO  HelperUtils.Parameters$ - ohygT.t0(Wmed+sV=7h6Q.xl|gJbe3ag2B8kbe3ag2cf2I8oaf08%LBju^\9gWq/zYVLYn88],Dm\{
15:23:09.494 [scala-execution-context-global-17] INFO  HelperUtils.Parameters$ - :Elz2aBIEN6A>I$Ua<l!h(k3>(x=649E{b@tt5|I]Et%CCqz8iQr
15:23:09.510 [scala-execution-context-global-17] WARN  HelperUtils.Parameters$ - qBR%NI/B7kQmW+~#`89)bc(Cg|fqd>
15:23:09.534 [scala-execution-context-global-17] INFO  HelperUtils.Parameters$ - ,c#k./7!UE&bzp'8vVMM
15:23:09.550 [scala-execution-context-global-17] INFO  HelperUtils.Parameters$ - zyqC$<jVfYzWPu}Hg?cd"|[/ar("^qdG$s8pWx+[b4
15:23:09.569 [scala-execution-context-global-17] WARN  HelperUtils.Parameters$ - 1h_IF#5h.Ovr5VWWPMJP&M/0v#EZ8H
15:23:09.585 [scala-execution-context-global-17] ERROR HelperUtils.Parameters$ - :~EC!EwUI$-<DHKpC#76IMkP4j4ORUlNG/nhtWiq
15:23:09.604 [scala-execution-context-global-17] WARN  HelperUtils.Parameters$ - {3"g3\&8._[mImCSSPDlq6wlQpnXP4cv,k0]nkFE
15:23:09.620 [scala-execution-context-global-17] WARN  HelperUtils.Parameters$ - uyhj?FIL\ISzi51ejpyE^-i|=OJ[D,)p
15:23:09.636 [scala-execution-context-global-17] INFO  HelperUtils.Parameters$ - R702.B}&}^G4FcNP'QR}:!|1l/?+I{T?Ll8y4bXs
15:23:09.651 [scala-execution-context-global-17] INFO  HelperUtils.Parameters$ - X;H&^+rawd[@fUV`L.u[Z2z?!2&ifND'T$
15:23:09.667 [scala-execution-context-global-17] INFO  HelperUtils.Parameters$ - v~w_NbRgqu5hDS|DBipj4M^gi9Wnfw2n/OyE472^N|bObL
15:23:09.683 [scala-execution-context-global-17] WARN  HelperUtils.Parameters$ - c|1=W{Sfu<ekY`9+
15:23:09.698 [scala-execution-context-global-17] WARN  HelperUtils.Parameters$ - 5*-bnkKUM@;idU!iL0KjeAmQ0zpKv_%zW~`?Mk-F@9%5X'Pjjj[f~/ae`aby
15:23:09.714 [scala-execution-context-global-17] DEBUG HelperUtils.Parameters$ - >?fKV+kUR'bJ}~**"Kxu!k2*!!"-HNfz2VQ@
15:23:09.730 [scala-execution-context-global-17] INFO  HelperUtils.Parameters$ - G-!_r(eE{YC`OOG2.r4'Y7i/-1]`<bsp1R
15:23:09.745 [scala-execution-context-global-17] WARN  HelperUtils.Parameters$ - `CpJI[]wdj)\O}T?*No~hF1Syw*3GXkuVf+|jFG,<PnlHF~Btxa/vjM@\XOj
15:23:09.761 [scala-execution-context-global-17] INFO  HelperUtils.Parameters$ - bUO}SI2QwrV4#>GItC*5OCXM4;c,_M'"Ec}$]~
15:23:09.778 [scala-execution-context-global-17] INFO  HelperUtils.Parameters$ - +L)a<KZQ\oG9Hw@A<9rWbbp-&='A
15:23:09.794 [scala-execution-context-global-17] INFO  HelperUtils.Parameters$ - _ycIsEkE\tPC09u"JSeJ33?TKA0,eNKg{fComl]~zTc!`%~M_X|3s_
15:23:09.810 [scala-execution-context-global-17] DEBUG HelperUtils.Parameters$ - =/=*;WP0hcgQq}Z~0cuKWiA37eeKJtKry9EHcIR+
15:23:09.828 [scala-execution-context-global-17] WARN  HelperUtils.Parameters$ - @G2)&;}&!P.#Ig7rA7I]p!u&V{E8H,k_9Pl~#Y%-1,e;
15:23:09.843 [scala-execution-context-global-17] INFO  HelperUtils.Parameters$ - M6NBB]o.s8xsv.}:2lfK2s`&
15:23:09.860 [scala-execution-context-global-17] INFO  HelperUtils.Parameters$ - Q1w/nJ5i6!Vj!0zZF<'BJ512LoJF6r-EZPxZx-pd)m)Fox
15:23:09.873 [scala-execution-context-global-17] INFO  HelperUtils.Parameters$ - \Ju'MrQd|6.u0N.EwQ@i'/*g$vT&#Q]W<D77
15:23:09.889 [scala-execution-context-global-17] INFO  HelperUtils.Parameters$ - kJZ<[asmL%Mj&v0?4$j%tC!uu+W^o4fCZPCD}unWfOU]iLScZrdy
15:23:09.905 [scala-execution-context-global-17] INFO  HelperUtils.Parameters$ - `Ackh;t!7|v&EWdDzwt^leZ+
15:23:09.922 [scala-execution-context-global-17] INFO  HelperUtils.Parameters$ - zuC_?^!}1)i<{&IY?RY[&D5fI6mcf0K5ibg1V5jA9kEawuDgU^:+:yC%O;BIjbD
15:23:09.938 [scala-execution-context-global-17] INFO  HelperUtils.Parameters$ - oL2pr[LI6~hlH[UEk/.B?mr^KKIm
15:23:09.953 [scala-execution-context-global-17] INFO  HelperUtils.Parameters$ - @ctM\%c|t>t8UAY=,Gr$9hS^I,BCIH=o[k
15:23:09.969 [scala-execution-context-global-17] WARN  HelperUtils.Parameters$ - byD?~3I%QZJ;M9cW%`j152]F
15:23:09.985 [scala-execution-context-global-17] WARN  HelperUtils.Parameters$ - zMM"RRzt=7@-CUfl.}QSZ<O{!1#y0c6h(OkK
15:23:10.001 [scala-execution-context-global-17] INFO  HelperUtils.Parameters$ - 6N<I.ZM`AP:R
15:23:10.017 [scala-execution-context-global-17] INFO  HelperUtils.Parameters$ - 9{:y"iz`%sn.Pc*eIy\%Y/i>cc4m;/pkl/$z{5ob^eo9|j
15:23:10.032 [scala-execution-context-global-17] WARN  HelperUtils.Parameters$ - r(GTa!eAD8+Jv!
15:23:10.048 [scala-execution-context-global-17] WARN  HelperUtils.Parameters$ - qO,FG.i7Avi<d(
15:23:10.063 [scala-execution-context-global-17] INFO  HelperUtils.Parameters$ - kn-;R,RrS)1-%lI/:)x>`=Lckvn<jA]Lp^]iB|vv.Eo9*Xnu
15:23:10.079 [scala-execution-context-global-17] INFO  HelperUtils.Parameters$ - 2x;_??/^)y%dG\7w=sFmwZrI854k+Y
15:23:10.095 [scala-execution-context-global-17] INFO  HelperUtils.Parameters$ - ze3kdQk](>um1c#Vpip!jvKH@~tIbnkB
15:23:10.113 [scala-execution-context-global-17] DEBUG HelperUtils.Parameters$ - S\KMX0$RFO~dBJ.&85n$j{pl]B8@\*F{
15:23:10.130 [scala-execution-context-global-17] INFO  HelperUtils.Parameters$ - h_,HrG$q{h9"^h1{_@1c+Yi`+A,%='3vLZ'M(QKQjoMp@W523VI_>n
15:23:10.144 [scala-execution-context-global-17] INFO  HelperUtils.Parameters$ - 1Q,i:Y{7&VmNK}>H)CuR4Sg6]#.9`waV}L[f!C
15:23:10.168 [scala-execution-context-global-17] INFO  HelperUtils.Parameters$ - e{(|EfRwGIOe_M;c
15:23:10.186 [scala-execution-context-global-17] INFO  HelperUtils.Parameters$ - eefJQIh"VbbO8r)Ot)qR$ZY5nW1a61Nc}j
15:23:10.208 [scala-execution-context-global-17] INFO  HelperUtils.Parameters$ - aOCr#l!*4g[_UhlpaI6mdz([NhED>@$5uUt*ati>xHaCuw3Y\x-)U7
15:23:10.224 [scala-execution-context-global-17] INFO  HelperUtils.Parameters$ - QH_p]i2=K;a!b#6J'E('o0oQHOD#V6
15:23:10.239 [scala-execution-context-global-17] WARN  HelperUtils.Parameters$ - OTvVh0|q~sOw~`?^_D2FJuzoL^2#07\u*vnt4Gq*C{/E}y]Gih
15:23:10.255 [scala-execution-context-global-17] INFO  HelperUtils.Parameters$ - f?9bE;Ok!E@8PhNEo!oh24zCNz:S&7h+|~x9NH
15:23:10.272 [scala-execution-context-global-17] WARN  HelperUtils.Parameters$ - s7t>D{&3LaIJGj\LxwI"
15:23:10.288 [scala-execution-context-global-17] INFO  HelperUtils.Parameters$ - tg&npDsVK$$4
15:23:10.306 [scala-execution-context-global-17] INFO  HelperUtils.Parameters$ - 7eu=-P\m+pPexg=_08bE;p
15:23:10.324 [scala-execution-context-global-17] INFO  HelperUtils.Parameters$ - "H%8x3%ry5j'xN<Tosp[%t"a{=&VC:["}:'uMk8vq>9AF|`CYk5w>Z
15:23:10.340 [scala-execution-context-global-17] INFO  HelperUtils.Parameters$ - PMbyYiq]"_\!QF):sEJ-K8ubo}/UaZ`Q
15:23:10.358 [scala-execution-context-global-17] WARN  HelperUtils.Parameters$ - ^9FyxM"iApZ-&Q
15:23:10.377 [scala-execution-context-global-17] INFO  HelperUtils.Parameters$ - .jLUZ:E'F)QW1_
15:23:10.395 [scala-execution-context-global-17] INFO  HelperUtils.Parameters$ - 2y^}?!!?[9go~_5T.K@12JKqCgO50c+kScmJdxhHAi62T~?uh3^W
15:23:10.411 [scala-execution-context-global-17] INFO  HelperUtils.Parameters$ - (0<.UT+x#a?@#!^QI}
15:23:10.425 [scala-execution-context-global-17] INFO  HelperUtils.Parameters$ - ,+uRqODbz+,V6/NEycVpJ4geJh8v8V(}I*0+#l5Q
15:23:10.450 [scala-execution-context-global-17] WARN  HelperUtils.Parameters$ - O=0kB_R=z}!@?8t;owt![;8e
15:23:10.479 [scala-execution-context-global-17] INFO  HelperUtils.Parameters$ - f,<3z2gqLKwD^rLhD=pz=d@Y!/t!U.*0w)0U7OMA,eke20pHcg_l
15:23:10.495 [scala-execution-context-global-17] WARN  HelperUtils.Parameters$ - GHnflJ[@{HdP{%A%P2+zQuyeIGY\XnYf>5@;0a4<~<
15:23:10.511 [scala-execution-context-global-17] WARN  HelperUtils.Parameters$ - )]RHXY~AQS\?r6)P
15:23:10.526 [scala-execution-context-global-17] INFO  HelperUtils.Parameters$ - &F.YaKQ;kU8RVy5VFy,w=[|Wnm0WF%vh}--|^*90O}Lofj^2KLJ)!a;k
15:23:10.543 [scala-execution-context-global-17] INFO  HelperUtils.Parameters$ - uqzUPSk^]yN#U(h|JJM>jm,ro*Wsl<?ii's|l#0'
15:23:10.558 [scala-execution-context-global-17] INFO  HelperUtils.Parameters$ - zr?v=4j?7lh(eY]naK:eoRq,qa^`J1+-zVe&!v{{l?&ae]>*0p~a3`s\CA
15:23:10.575 [scala-execution-context-global-17] INFO  HelperUtils.Parameters$ - a3Hd'Z=Kp2!c]Ilpr!wMC2P=Ei__2;;5]d+n%R72}MQM~^]jDdRs(,qGbY!@
15:23:10.591 [scala-execution-context-global-17] INFO  HelperUtils.Parameters$ - ^JK#y"ORxxt(&^o8
15:23:10.607 [scala-execution-context-global-17] INFO  HelperUtils.Parameters$ - ]vLf(;}~V)mWZWojds{ibw$2P8I)3Jz|^Yfrph
15:23:10.623 [scala-execution-context-global-17] INFO  HelperUtils.Parameters$ - DA$L+[>qSo|&hv
15:23:10.638 [scala-execution-context-global-17] INFO  HelperUtils.Parameters$ - .=yO42e*PSUf|:H*>+K!Ry)"Ocyq{P#J^mJffw=;jS!KAW7AWAU\
15:23:10.654 [scala-execution-context-global-17] WARN  HelperUtils.Parameters$ - gkbe,-h#/8w*
15:23:10.670 [scala-execution-context-global-17] WARN  HelperUtils.Parameters$ - bA4c&wXEn:luq;8,cpL!5!3+V,t.U\LQ>2CaMz[axK@l?S
15:23:10.686 [scala-execution-context-global-17] INFO  HelperUtils.Parameters$ - 1E@LrU)*KU({w$20v:dxAB/'V8"X6l7#^gZYtT
15:23:10.701 [scala-execution-context-global-17] INFO  HelperUtils.Parameters$ - 78iLlJP3-GCip$%lXM(I[k504-FrJu(P
15:23:10.717 [scala-execution-context-global-17] DEBUG HelperUtils.Parameters$ - 0J+{zsLFPO@$<m5oue>Np6)K*UW:+O`S_!ea,%)6
15:23:10.733 [scala-execution-context-global-17] INFO  HelperUtils.Parameters$ - Q8A-!JN>%$b#Lbf1bf2ag3R8vK6mN9pT9iL9kae0bg1H5vV9kag1E6j-xHS\;sVw8:.$
15:23:11.734 [scala-execution-context-global-17] INFO  HelperUtils.Parameters$ - Q8A-!JN>%$b#Lbf1bf2ag3R8vK6mN9pT9iL9kae0bg1H5vV9kag1E6j-xHS\;sVw8:.$
15:23:11.738 [main] INFO  GenerateLogData$ - Log data generation has completed after generating 100 records.
15:23:11.743 [main] INFO  GenerateLogData$ - Log data generation has completed after generating 100 records.
